{"/Users/renato.cacho/Documents/js_test/eloquentjs/correlation.js": {"path":"/Users/renato.cacho/Documents/js_test/eloquentjs/correlation.js","statementMap":{"0":{"start":{"line":6,"column":16},"end":{"line":6,"column":47}},"1":{"start":{"line":22,"column":0},"end":{"line":22,"column":31}},"2":{"start":{"line":37,"column":4},"end":{"line":39,"column":31}},"3":{"start":{"line":56,"column":4},"end":{"line":56,"column":27}},"4":{"start":{"line":58,"column":4},"end":{"line":67,"column":7}},"5":{"start":{"line":59,"column":20},"end":{"line":59,"column":21}},"6":{"start":{"line":63,"column":12},"end":{"line":63,"column":17}},"7":{"start":{"line":64,"column":8},"end":{"line":64,"column":32}},"8":{"start":{"line":64,"column":22},"end":{"line":64,"column":32}},"9":{"start":{"line":65,"column":8},"end":{"line":65,"column":46}},"10":{"start":{"line":65,"column":36},"end":{"line":65,"column":46}},"11":{"start":{"line":66,"column":8},"end":{"line":66,"column":27}},"12":{"start":{"line":68,"column":4},"end":{"line":68,"column":19}},"13":{"start":{"line":73,"column":21},"end":{"line":73,"column":23}},"14":{"start":{"line":75,"column":4},"end":{"line":82,"column":5}},"15":{"start":{"line":78,"column":12},"end":{"line":78,"column":17}},"16":{"start":{"line":79,"column":8},"end":{"line":81,"column":11}},"17":{"start":{"line":80,"column":12},"end":{"line":80,"column":53}},"18":{"start":{"line":80,"column":32},"end":{"line":80,"column":53}},"19":{"start":{"line":84,"column":4},"end":{"line":84,"column":34}},"20":{"start":{"line":90,"column":19},"end":{"line":90,"column":21}},"21":{"start":{"line":91,"column":14},"end":{"line":94,"column":5}},"22":{"start":{"line":96,"column":4},"end":{"line":106,"column":5}},"23":{"start":{"line":98,"column":22},"end":{"line":98,"column":47}},"24":{"start":{"line":99,"column":28},"end":{"line":99,"column":38}},"25":{"start":{"line":101,"column":8},"end":{"line":104,"column":9}},"26":{"start":{"line":102,"column":12},"end":{"line":102,"column":29}},"27":{"start":{"line":103,"column":12},"end":{"line":103,"column":41}},"28":{"start":{"line":105,"column":8},"end":{"line":105,"column":36}},"29":{"start":{"line":107,"column":4},"end":{"line":110,"column":5}},"30":{"start":{"line":125,"column":0},"end":{"line":130,"column":1}},"31":{"start":{"line":126,"column":4},"end":{"line":129,"column":5}},"32":{"start":{"line":128,"column":8},"end":{"line":128,"column":42}},"33":{"start":{"line":133,"column":0},"end":{"line":136,"column":1}}},"fnMap":{"0":{"name":"phi","decl":{"start":{"line":36,"column":9},"end":{"line":36,"column":12}},"loc":{"start":{"line":36,"column":35},"end":{"line":40,"column":1}},"line":36},"1":{"name":"tableFor","decl":{"start":{"line":54,"column":9},"end":{"line":54,"column":17}},"loc":{"start":{"line":54,"column":34},"end":{"line":69,"column":1}},"line":54},"2":{"name":"(anonymous_2)","decl":{"start":{"line":58,"column":20},"end":{"line":58,"column":21}},"loc":{"start":{"line":58,"column":31},"end":{"line":67,"column":5}},"line":58},"3":{"name":"journalEvents","decl":{"start":{"line":72,"column":9},"end":{"line":72,"column":22}},"loc":{"start":{"line":72,"column":32},"end":{"line":86,"column":1}},"line":72},"4":{"name":"(anonymous_4)","decl":{"start":{"line":79,"column":23},"end":{"line":79,"column":24}},"loc":{"start":{"line":79,"column":30},"end":{"line":81,"column":9}},"line":79},"5":{"name":"getCorrelation","decl":{"start":{"line":88,"column":9},"end":{"line":88,"column":23}},"loc":{"start":{"line":88,"column":33},"end":{"line":111,"column":1}},"line":88}},"branchMap":{"0":{"loc":{"start":{"line":64,"column":8},"end":{"line":64,"column":32}},"type":"if","locations":[{"start":{"line":64,"column":8},"end":{"line":64,"column":32}},{"start":{"line":64,"column":8},"end":{"line":64,"column":32}}],"line":64},"1":{"loc":{"start":{"line":65,"column":8},"end":{"line":65,"column":46}},"type":"if","locations":[{"start":{"line":65,"column":8},"end":{"line":65,"column":46}},{"start":{"line":65,"column":8},"end":{"line":65,"column":46}}],"line":65},"2":{"loc":{"start":{"line":80,"column":12},"end":{"line":80,"column":53}},"type":"if","locations":[{"start":{"line":80,"column":12},"end":{"line":80,"column":53}},{"start":{"line":80,"column":12},"end":{"line":80,"column":53}}],"line":80},"3":{"loc":{"start":{"line":101,"column":8},"end":{"line":104,"column":9}},"type":"if","locations":[{"start":{"line":101,"column":8},"end":{"line":104,"column":9}},{"start":{"line":101,"column":8},"end":{"line":104,"column":9}}],"line":101},"4":{"loc":{"start":{"line":126,"column":4},"end":{"line":129,"column":5}},"type":"if","locations":[{"start":{"line":126,"column":4},"end":{"line":129,"column":5}},{"start":{"line":126,"column":4},"end":{"line":129,"column":5}}],"line":126},"5":{"loc":{"start":{"line":126,"column":8},"end":{"line":127,"column":47}},"type":"binary-expr","locations":[{"start":{"line":126,"column":8},"end":{"line":126,"column":40}},{"start":{"line":127,"column":8},"end":{"line":127,"column":47}}],"line":126}},"s":{"0":1,"1":1,"2":1,"3":2,"4":2,"5":180,"6":180,"7":180,"8":10,"9":180,"10":15,"11":180,"12":2,"13":0,"14":0,"15":0,"16":0,"17":0,"18":0,"19":0,"20":0,"21":0,"22":0,"23":0,"24":0,"25":0,"26":0,"27":0,"28":0,"29":0,"30":1,"31":90,"32":5,"33":1},"f":{"0":1,"1":2,"2":180,"3":0,"4":0,"5":0},"b":{"0":[10,170],"1":[15,165],"2":[0,0],"3":[0,0],"4":[5,85],"5":[90,13]},"_coverageSchema":"1a1c01bbd47fc00a2c39e90264f33305004495a9","hash":"232934e8faa5a734d233d485888498cffce073cb"}
,"/Users/renato.cacho/Documents/js_test/eloquentjs/squirel_journal.js": {"path":"/Users/renato.cacho/Documents/js_test/eloquentjs/squirel_journal.js","statementMap":{"0":{"start":{"line":1,"column":14},"end":{"line":92,"column":3}},"1":{"start":{"line":96,"column":2},"end":{"line":97,"column":29}},"2":{"start":{"line":97,"column":4},"end":{"line":97,"column":29}},"3":{"start":{"line":98,"column":2},"end":{"line":99,"column":29}},"4":{"start":{"line":99,"column":4},"end":{"line":99,"column":29}}},"fnMap":{},"branchMap":{"0":{"loc":{"start":{"line":96,"column":2},"end":{"line":97,"column":29}},"type":"if","locations":[{"start":{"line":96,"column":2},"end":{"line":97,"column":29}},{"start":{"line":96,"column":2},"end":{"line":97,"column":29}}],"line":96},"1":{"loc":{"start":{"line":96,"column":6},"end":{"line":96,"column":115}},"type":"binary-expr","locations":[{"start":{"line":96,"column":6},"end":{"line":96,"column":34}},{"start":{"line":96,"column":38},"end":{"line":96,"column":52}},{"start":{"line":96,"column":57},"end":{"line":96,"column":85}},{"start":{"line":96,"column":89},"end":{"line":96,"column":114}}],"line":96},"2":{"loc":{"start":{"line":98,"column":2},"end":{"line":99,"column":29}},"type":"if","locations":[{"start":{"line":98,"column":2},"end":{"line":99,"column":29}},{"start":{"line":98,"column":2},"end":{"line":99,"column":29}}],"line":98},"3":{"loc":{"start":{"line":98,"column":6},"end":{"line":98,"column":53}},"type":"binary-expr","locations":[{"start":{"line":98,"column":6},"end":{"line":98,"column":34}},{"start":{"line":98,"column":38},"end":{"line":98,"column":53}}],"line":98}},"s":{"0":1,"1":1,"2":1,"3":1,"4":1},"f":{},"b":{"0":[1,0],"1":[1,1,1,1],"2":[1,0],"3":[1,1]},"_coverageSchema":"1a1c01bbd47fc00a2c39e90264f33305004495a9","hash":"192a075283e0ad68a8d8a5ef1d011980ea11f442"}
}
