TN:
SF:correlation.js
FN:36,phi
FN:54,tableFor
FN:58,(anonymous_2)
FN:72,journalEvents
FN:79,(anonymous_4)
FN:88,getCorrelation
FNF:6
FNH:3
FNDA:1,phi
FNDA:2,tableFor
FNDA:180,(anonymous_2)
FNDA:0,journalEvents
FNDA:0,(anonymous_4)
FNDA:0,getCorrelation
DA:6,1
DA:22,1
DA:37,1
DA:56,2
DA:58,2
DA:59,180
DA:63,180
DA:64,180
DA:65,180
DA:66,180
DA:68,2
DA:73,0
DA:75,0
DA:78,0
DA:79,0
DA:80,0
DA:84,0
DA:90,0
DA:91,0
DA:96,0
DA:98,0
DA:99,0
DA:101,0
DA:102,0
DA:103,0
DA:105,0
DA:107,0
DA:125,1
DA:126,90
DA:128,5
DA:133,1
LF:31
LH:15
BRDA:64,0,0,10
BRDA:64,0,1,170
BRDA:65,1,0,15
BRDA:65,1,1,165
BRDA:80,2,0,0
BRDA:80,2,1,0
BRDA:101,3,0,0
BRDA:101,3,1,0
BRDA:126,4,0,5
BRDA:126,4,1,85
BRDA:126,5,0,90
BRDA:126,5,1,13
BRF:12
BRH:8
end_of_record
TN:
SF:squirel_journal.js
FNF:0
FNH:0
DA:1,1
DA:96,1
DA:97,1
DA:98,1
DA:99,1
LF:5
LH:5
BRDA:96,0,0,1
BRDA:96,0,1,0
BRDA:96,1,0,1
BRDA:96,1,1,1
BRDA:96,1,2,1
BRDA:96,1,3,1
BRDA:98,2,0,1
BRDA:98,2,1,0
BRDA:98,3,0,1
BRDA:98,3,1,1
BRF:10
BRH:8
end_of_record
